<?xml version='1.0' encoding='UTF-8'?>
<testsuite hostname="knoldus-Vostro-3550" name="com.knol.core.impl.KnolRepoImplTest" tests="10" errors="0" failures="0" time="0.947">
                     <properties>
[...]
</properties>
                     <testcase classname="com.knol.core.impl.KnolRepoImplTest" name="Create a knol" time="0.137">
                                                 
                                               </testcase><testcase classname="com.knol.core.impl.KnolRepoImplTest" name="Update a knol" time="0.1">
                                                 
                                               </testcase><testcase classname="com.knol.core.impl.KnolRepoImplTest" name="Delete a knol" time="0.089">
                                                 
                                               </testcase><testcase classname="com.knol.core.impl.KnolRepoImplTest" name="Show a knol" time="0.021">
                                                 
                                               </testcase><testcase classname="com.knol.core.impl.KnolRepoImplTest" name="Show List of knol" time="0.033">
                                                 
                                               </testcase><testcase classname="com.knol.core.impl.KnolRepoImplTest" name="Create a knol with wrong input" time="0.12">
                                                 
                                               </testcase><testcase classname="com.knol.core.impl.KnolRepoImplTest" name="Update a knol with wrong input" time="0.067">
                                                 
                                               </testcase><testcase classname="com.knol.core.impl.KnolRepoImplTest" name="Delete a knol with wrong id" time="0.027">
                                                 
                                               </testcase><testcase classname="com.knol.core.impl.KnolRepoImplTest" name="Show a knol with wrong id" time="0.023">
                                                 
                                               </testcase><testcase classname="com.knol.core.impl.KnolRepoImplTest" name="Show List of all knols with wrong input" time="0.33">
                                                 
                                               </testcase>
                     <system-out></system-out>
                     <system-err></system-err>
                   </testsuite>